<?xml version="1.0" encoding="UTF-8"?>
<testng-results skipped="0" failed="0" ignored="0" total="1" passed="1">
  <reporter-output>
  </reporter-output>
  <suite name="Suite" duration-ms="10071" started-at="2018-08-23T10:31:57Z" finished-at="2018-08-23T10:32:07Z">
    <groups>
    </groups>
    <test name="Test" duration-ms="10071" started-at="2018-08-23T10:31:57Z" finished-at="2018-08-23T10:32:07Z">
      <class name="com.maven.testcases.Rediff">
        <test-method status="PASS" signature="OpenBrowser(java.lang.String)[pri:0, instance:com.maven.testcases.Rediff@327471b5]" name="OpenBrowser" is-config="true" duration-ms="5746" started-at="2018-08-23T10:31:57Z" finished-at="2018-08-23T10:32:03Z">
          <params>
            <param index="0">
              <value>
                <![CDATA[firefox]]>
              </value>
            </param>
          </params>
          <reporter-output>
          </reporter-output>
        </test-method> <!-- OpenBrowser -->
        <test-method status="PASS" signature="redifflogin()[pri:0, instance:com.maven.testcases.Rediff@327471b5]" name="redifflogin" duration-ms="4282" started-at="2018-08-23T10:32:03Z" finished-at="2018-08-23T10:32:07Z">
          <reporter-output>
          </reporter-output>
        </test-method> <!-- redifflogin -->
      </class> <!-- com.maven.testcases.Rediff -->
    </test> <!-- Test -->
  </suite> <!-- Suite -->
</testng-results>
