<?xml version="1.0" encoding="UTF-8"?>
<testng-results skipped="0" failed="0" ignored="0" total="1" passed="1">
  <reporter-output>
  </reporter-output>
  <suite name="Default suite" duration-ms="11878" started-at="2018-08-23T09:54:47Z" finished-at="2018-08-23T09:54:59Z">
    <groups>
    </groups>
    <test name="Default test" duration-ms="11878" started-at="2018-08-23T09:54:47Z" finished-at="2018-08-23T09:54:59Z">
      <class name="com.maven.testcases.Rediff">
        <test-method status="PASS" signature="redifflogin()[pri:0, instance:com.maven.testcases.Rediff@5b275dab]" name="redifflogin" duration-ms="11835" started-at="2018-08-23T09:54:47Z" finished-at="2018-08-23T09:54:59Z">
          <reporter-output>
          </reporter-output>
        </test-method> <!-- redifflogin -->
      </class> <!-- com.maven.testcases.Rediff -->
    </test> <!-- Default test -->
  </suite> <!-- Default suite -->
</testng-results>
